<?xml version="1.0" encoding="UTF-8"?>
<!-- Generated by org.testng.reporters.JUnitXMLReporter -->
<testsuite hostname="P11-AS-CHSSXC2" name="Default test" tests="25" failures="0" timestamp="29 Dec 2017 11:02:18 GMT" time="1259.218" errors="0">
  <testcase name="runMptRefinanceTitleNEscrowTest" time="36.318" classname="com.altisource.MPT_RefinanceTest.MptRefinanceTests"/>
  <testcase name="runMptRefinanceTitleNEscrowTest" time="35.0" classname="com.altisource.MPT_RefinanceTest.MptRefinanceTests"/>
  <testcase name="runMptRefinanceTitleNEscrowTest" time="37.121" classname="com.altisource.MPT_RefinanceTest.MptRefinanceTests"/>
  <testcase name="runMptRefinanceTitleNEscrowTest" time="37.968" classname="com.altisource.MPT_RefinanceTest.MptRefinanceTests"/>
  <testcase name="runMptRefinanceTitleNEscrowTest" time="40.547" classname="com.altisource.MPT_RefinanceTest.MptRefinanceTests"/>
  <testcase name="runMptRefinanceTitleNEscrowTest" time="40.777" classname="com.altisource.MPT_RefinanceTest.MptRefinanceTests"/>
  <testcase name="runMptRefinanceTitleNEscrowTest" time="41.796" classname="com.altisource.MPT_RefinanceTest.MptRefinanceTests"/>
  <testcase name="runMptRefinanceTitleNEscrowTest" time="43.351" classname="com.altisource.MPT_RefinanceTest.MptRefinanceTests"/>
  <testcase name="runMptRefinanceTitleNEscrowTest" time="44.705" classname="com.altisource.MPT_RefinanceTest.MptRefinanceTests"/>
  <testcase name="runMptRefinanceTitleNEscrowTest" time="45.787" classname="com.altisource.MPT_RefinanceTest.MptRefinanceTests"/>
  <testcase name="runMptRefinanceTitleNEscrowTest" time="47.246" classname="com.altisource.MPT_RefinanceTest.MptRefinanceTests"/>
  <testcase name="runMptRefinanceTitleNEscrowTest" time="48.539" classname="com.altisource.MPT_RefinanceTest.MptRefinanceTests"/>
  <testcase name="runMptRefinanceTitleNEscrowTest" time="49.976" classname="com.altisource.MPT_RefinanceTest.MptRefinanceTests"/>
  <testcase name="runMptRefinanceTitleNEscrowTest" time="51.336" classname="com.altisource.MPT_RefinanceTest.MptRefinanceTests"/>
  <testcase name="runMptRefinanceTitleNEscrowTest" time="52.889" classname="com.altisource.MPT_RefinanceTest.MptRefinanceTests"/>
  <testcase name="runMptRefinanceTitleNEscrowTest" time="54.144" classname="com.altisource.MPT_RefinanceTest.MptRefinanceTests"/>
  <testcase name="runMptRefinanceTitleNEscrowTest" time="55.669" classname="com.altisource.MPT_RefinanceTest.MptRefinanceTests"/>
  <testcase name="runMptRefinanceTitleNEscrowTest" time="57.007" classname="com.altisource.MPT_RefinanceTest.MptRefinanceTests"/>
  <testcase name="runMptRefinanceTitleNEscrowTest" time="58.41" classname="com.altisource.MPT_RefinanceTest.MptRefinanceTests"/>
  <testcase name="runMptRefinanceTitleNEscrowTest" time="59.904" classname="com.altisource.MPT_RefinanceTest.MptRefinanceTests"/>
  <testcase name="runMptRefinanceTitleNEscrowTest" time="61.597" classname="com.altisource.MPT_RefinanceTest.MptRefinanceTests"/>
  <testcase name="runMptRefinanceTitleNEscrowTest" time="62.459" classname="com.altisource.MPT_RefinanceTest.MptRefinanceTests"/>
  <testcase name="runMptRefinanceTitleNEscrowTest" time="63.909" classname="com.altisource.MPT_RefinanceTest.MptRefinanceTests"/>
  <testcase name="runMptRefinanceTitleNEscrowTest" time="65.294" classname="com.altisource.MPT_RefinanceTest.MptRefinanceTests"/>
  <testcase name="runMptRefinanceTitleNEscrowTest" time="66.707" classname="com.altisource.MPT_RefinanceTest.MptRefinanceTests"/>
</testsuite> <!-- Default test -->
