<?xml version="1.0" encoding="UTF-8"?>
<!-- Generated by org.testng.reporters.JUnitXMLReporter -->
<testsuite hostname="P11-AS-CHSSXC2" name="SuitName-MPT_SyncService" tests="11" failures="0" timestamp="3 Nov 2017 16:26:23 GMT" time="33.204" errors="0">
  <testcase name="insertIntoGeneralUserData" time="4.197" classname="com.altisource.test.insertDataToDbTest"/>
  <testcase name="insertIntoGeneralUserData" time="3.472" classname="com.altisource.test.insertDataToDbTest"/>
  <testcase name="insertIntoGeneralUserData" time="3.515" classname="com.altisource.test.insertDataToDbTest"/>
  <testcase name="insertIntoGeneralUserData" time="3.449" classname="com.altisource.test.insertDataToDbTest"/>
  <testcase name="insertIntoGeneralUserData" time="3.544" classname="com.altisource.test.insertDataToDbTest"/>
  <testcase name="runSync_ServiceExecutable" time="0.007" classname="com.altisource.test.Sync_ServiceExecutableTest"/>
  <testcase name="getProjectDetails" time="2.635" classname="com.altisource.test.MPT_BulkFilesTest"/>
  <testcase name="getProjectDetails" time="1.611" classname="com.altisource.test.MPT_BulkFilesTest"/>
  <testcase name="getProjectDetails" time="1.591" classname="com.altisource.test.MPT_BulkFilesTest"/>
  <testcase name="getProjectDetails" time="1.649" classname="com.altisource.test.MPT_BulkFilesTest"/>
  <testcase name="getProjectDetails" time="1.66" classname="com.altisource.test.MPT_BulkFilesTest"/>
</testsuite> <!-- SuitName-MPT_SyncService -->
