<?xml version="1.0" encoding="UTF-8"?>
<!-- Generated by org.testng.reporters.JUnitXMLReporter -->
<testsuite hostname="P11-AS-BX6QQ12" name="MPT_UI_PlaceOrder" tests="7" failures="0" timestamp="23 Oct 2018 12:46:59 GMT" time="1.216" errors="0">
  <testcase name="@BeforeClass setUp" time="0.0" classname="testcase.mpt.ui.PlaceOrder_tc">
    <failure type="java.lang.IllegalAccessError" message="tried to access method com.google.common.util.concurrent.SimpleTimeLimiter.&amp;lt;init&amp;gt;(Ljava/util/concurrent/ExecutorService;)V from class org.openqa.selenium.net.UrlChecker">
      <![CDATA[java.lang.IllegalAccessError: tried to access method com.google.common.util.concurrent.SimpleTimeLimiter.<init>(Ljava/util/concurrent/ExecutorService;)V from class org.openqa.selenium.net.UrlChecker
	at org.openqa.selenium.net.UrlChecker.<init>(UrlChecker.java:67)
	at org.openqa.selenium.remote.service.DriverService.waitUntilAvailable(DriverService.java:177)
	at org.openqa.selenium.remote.service.DriverService.start(DriverService.java:168)
	at org.openqa.selenium.remote.service.DriverCommandExecutor.execute(DriverCommandExecutor.java:78)
	at org.openqa.selenium.remote.RemoteWebDriver.execute(RemoteWebDriver.java:604)
	at org.openqa.selenium.remote.RemoteWebDriver.startSession(RemoteWebDriver.java:244)
	at org.openqa.selenium.remote.RemoteWebDriver.startSession(RemoteWebDriver.java:230)
	at org.openqa.selenium.ie.InternetExplorerDriver.run(InternetExplorerDriver.java:180)
	at org.openqa.selenium.ie.InternetExplorerDriver.<init>(InternetExplorerDriver.java:172)
	at org.openqa.selenium.ie.InternetExplorerDriver.<init>(InternetExplorerDriver.java:144)
	at testcase.mpt.ui.PlaceOrder_tc.setUp(PlaceOrder_tc.java:75)
... Removed 24 stack frames]]>
    </failure>
  </testcase> <!-- @BeforeClass setUp -->
  <testcase name="PO_NavURL" time="0.004" classname="testcase.mpt.ui.PlaceOrder_tc">
    <skipped/>
  </testcase> <!-- PO_NavURL -->
  <testcase name="PO_YourCompany_Mdt" time="0.009" classname="testcase.mpt.ui.PlaceOrder_tc">
    <skipped/>
  </testcase> <!-- PO_YourCompany_Mdt -->
  <testcase name="PO_YourCompany_Opt" time="0.006" classname="testcase.mpt.ui.PlaceOrder_tc">
    <skipped/>
  </testcase> <!-- PO_YourCompany_Opt -->
  <testcase name="PO_PropertyAdd" time="0.003" classname="testcase.mpt.ui.PlaceOrder_tc">
    <skipped/>
  </testcase> <!-- PO_PropertyAdd -->
  <testcase name="PO_FileDetails" time="0.003" classname="testcase.mpt.ui.PlaceOrder_tc">
    <skipped/>
  </testcase> <!-- PO_FileDetails -->
  <testcase name="PO_PrimaryBuyerBrwr" time="0.012" classname="testcase.mpt.ui.PlaceOrder_tc">
    <skipped/>
  </testcase> <!-- PO_PrimaryBuyerBrwr -->
  <testcase name="PO_OrderDetails" time="0.002" classname="testcase.mpt.ui.PlaceOrder_tc">
    <skipped/>
  </testcase> <!-- PO_OrderDetails -->
</testsuite> <!-- MPT_UI_PlaceOrder -->
