<?xml version="1.0" encoding="UTF-8"?>
<testng-results skipped="0" failed="0" ignored="0" total="2" passed="2">
  <reporter-output>
  </reporter-output>
  <suite name="Default suite" duration-ms="45839" started-at="2018-10-29T10:17:17Z" finished-at="2018-10-29T10:18:03Z">
    <groups>
    </groups>
    <test name="Default test" duration-ms="45839" started-at="2018-10-29T10:17:17Z" finished-at="2018-10-29T10:18:03Z">
      <class name="com.mpt.ui.testcase.HomePageTest">
        <test-method status="PASS" signature="setUp()[pri:0, instance:com.mpt.ui.testcase.HomePageTest@33723e30]" name="setUp" is-config="true" duration-ms="8829" started-at="2018-10-29T10:17:17Z" finished-at="2018-10-29T10:17:26Z">
          <reporter-output>
          </reporter-output>
        </test-method> <!-- setUp -->
        <test-method status="PASS" signature="validateLogo()[pri:1, instance:com.mpt.ui.testcase.HomePageTest@33723e30]" name="validateLogo" duration-ms="29485" started-at="2018-10-29T10:17:26Z" description="Check logo" finished-at="2018-10-29T10:17:56Z">
          <reporter-output>
          </reporter-output>
        </test-method> <!-- validateLogo -->
        <test-method status="PASS" signature="tearDown()[pri:0, instance:com.mpt.ui.testcase.HomePageTest@33723e30]" name="tearDown" is-config="true" duration-ms="544" started-at="2018-10-29T10:17:56Z" finished-at="2018-10-29T10:17:56Z">
          <reporter-output>
          </reporter-output>
        </test-method> <!-- tearDown -->
        <test-method status="PASS" signature="setUp()[pri:0, instance:com.mpt.ui.testcase.HomePageTest@33723e30]" name="setUp" is-config="true" duration-ms="6365" started-at="2018-10-29T10:17:56Z" finished-at="2018-10-29T10:18:03Z">
          <reporter-output>
          </reporter-output>
        </test-method> <!-- setUp -->
        <test-method status="PASS" signature="validateTitle()[pri:2, instance:com.mpt.ui.testcase.HomePageTest@33723e30]" name="validateTitle" duration-ms="22" started-at="2018-10-29T10:18:03Z" description="check title" finished-at="2018-10-29T10:18:03Z">
          <reporter-output>
          </reporter-output>
        </test-method> <!-- validateTitle -->
        <test-method status="PASS" signature="tearDown()[pri:0, instance:com.mpt.ui.testcase.HomePageTest@33723e30]" name="tearDown" is-config="true" duration-ms="543" started-at="2018-10-29T10:18:03Z" finished-at="2018-10-29T10:18:03Z">
          <reporter-output>
          </reporter-output>
        </test-method> <!-- tearDown -->
      </class> <!-- com.mpt.ui.testcase.HomePageTest -->
    </test> <!-- Default test -->
  </suite> <!-- Default suite -->
</testng-results>
